<?xml version="1.0" encoding="UTF-8"?>
<!-- Generated by org.testng.reporters.JUnitXMLReporter -->
<testsuite ignored="4" hostname="DESKTOP-P3V62PD" failures="0" tests="2" name="GrooupInTestNG" time="0.096" errors="0" timestamp="2024-02-28T09:17:49 IST">
  <testcase classname="com.selenium.testNG.GroupInTestNG" name="regration" time="0.013"/>
  <testcase classname="com.selenium.testNG.GroupInTestNG" name="smoke" time="0.004"/>
  <testcase classname="com.selenium.testNG.GroupInTestNG" name="testingfunction" time="0.0">
    <ignored/>
  </testcase> <!-- testingfunction -->
  <testcase classname="com.selenium.testNG.GroupInTestNG" name="fuctionalTestCase" time="0.0">
    <ignored/>
  </testcase> <!-- fuctionalTestCase -->
  <testcase classname="com.selenium.testNG.GroupInTestNG" name="sanity" time="0.0">
    <ignored/>
  </testcase> <!-- sanity -->
  <testcase classname="com.selenium.testNG.GroupInTestNG" name="functional" time="0.0">
    <ignored/>
  </testcase> <!-- functional -->
</testsuite> <!-- GrooupInTestNG -->
